
> seatify-frontend@0.0.0 build
> ng build

[33mΓ¥»[39m Building...
[32mΓ£ö[39m Building...
[1mInitial chunk files[22m  [2m | [22m[1mNames[22m        [2m | [22m [1mRaw size[22m[2m | [22m[1mEstimated transfer size[22m
[32mmain-NIO7J7LO.js[39m     [2m | [22m[2mmain[22m         [2m | [22m[36m787.16 kB[39m[2m | [22m              [36m179.59 kB[39m
[32mstyles-4TZMFM73.css[39m  [2m | [22m[2mstyles[22m       [2m | [22m[36m315.88 kB[39m[2m | [22m               [36m33.10 kB[39m
[32mpolyfills-B6TNHZQ6.js[39m[2m | [22m[2mpolyfills[22m    [2m | [22m [36m34.58 kB[39m[2m | [22m               [36m11.32 kB[39m

[1m [22m                    [2m | [22m[1mInitial total[22m[2m | [22m  [1m[91m1.14 MB[39m[22m[2m | [22m              [1m224.00 kB[22m

Application bundle generation failed. [2.912 seconds]

node.exe : [1m[33m[33mΓû▓ [43;33m
[[43;30mWARNING[43;33m][0m [1mbun
dle initial exceeded maximum budget. 
Budget 500.00 kB was not met by 637.6
2 kB with a total of 1.14 MB.[0m
At line:1 char:1
+ & "C:\Program Files\nodejs/node.exe
" "C:\Users\admin\AppData\Roaming\ ..
.
+ ~~~~~~~~~~~~~~~~~~~~~~~~~~~~~~~~~~~
~~~~~~~~~~~~~~~~~~~~~~~~~~~~~~~~~~
    + CategoryInfo          : NotSpe 
   cified: ([1m[33m[33mΓ...of 1.  
  14 MB.[0m:String) [], RemoteExc   
 eption
    + FullyQualifiedErrorId : Native 
   CommandError
 


[33mΓû▓ [43;33m[[43;30mWARNING[43
;33m][0m [1m4 rules skipped due to 
selector errors:
  .form-floating>~label -> Did not ex
pect successive traversals.
  .btn-group>+.btn -> Did not expect 
successive traversals.
  .btn-group>+.btn -> Did not expect 
successive traversals.
  .btn-group-vertical>+.btn -> Did no
t expect successive traversals.[0m

[39m[22m
[1m[31m[31mX [41;31m[[41;97mERRO
R[41;31m][0m [1mbundle initial exc
eeded maximum budget. Budget 1.00 MB 
was not met by 137.62 kB with a total
 of 1.14 MB.[0m

[39m[22m
